⏰ Starting AI Agent CRON Schedulers...
⏰ Schedulers successfully bound.
node:events:486
      throw er; // Unhandled 'error' event
      ^

Error: listen EADDRINUSE: address already in use :::3001
    at Server.setupListenHandle [as _listen2] (node:net:2008:16)
    at listenInCluster (node:net:2065:12)
    at Server.listen (node:net:2170:7)
    at app.listen (/Users/wdbmacminipro/Desktop/iShack SEO AI  Agency/backend/node_modules/express/lib/application.js:635:24)
    at Object.<anonymous> (/Users/wdbmacminipro/Desktop/iShack SEO AI  Agency/backend/server.js:398:5)
    at Module._compile (node:internal/modules/cjs/loader:1831:14)
    at Module._extensions..js (node:internal/modules/cjs/loader:1971:10)
    at Module.load (node:internal/modules/cjs/loader:1552:32)
    at Module._load (node:internal/modules/cjs/loader:1354:12)
    at wrapModuleLoad (node:internal/modules/cjs/loader:255:19)
Emitted 'error' event on Server instance at:
    at emitErrorNT (node:net:2044:8)
    at process.processTicksAndRejections (node:internal/process/task_queues:90:21) {
  code: 'EADDRINUSE',
  errno: -48,
  syscall: 'listen',
  address: '::',
  port: 3001
}

Node.js v25.8.0
